<?xml version="1.0" encoding="UTF-8"?>
<testsuite xmlns:xsi="http://www.w3.org/2001/XMLSchema-instance" xsi:noNamespaceSchemaLocation="https://maven.apache.org/surefire/maven-surefire-plugin/xsd/surefire-test-report.xsd" name="LoginTestRunner" time="0.198" tests="8" errors="8" skipped="0" failures="0">
  <properties>
    <property name="java.specification.version" value="24"/>
    <property name="Platform" value="Android"/>
    <property name="sun.jnu.encoding" value="UTF-8"/>
    <property name="java.class.path" value="/Users/rafo/IdeaProjects/Crassula/target/test-classes:/Users/rafo/IdeaProjects/Crassula/target/classes:/Users/rafo/.m2/repository/org/seleniumhq/selenium/selenium-java/4.18.1/selenium-java-4.18.1.jar:/Users/rafo/.m2/repository/org/seleniumhq/selenium/selenium-api/4.18.1/selenium-api-4.18.1.jar:/Users/rafo/.m2/repository/org/seleniumhq/selenium/selenium-chrome-driver/4.18.1/selenium-chrome-driver-4.18.1.jar:/Users/rafo/.m2/repository/com/google/auto/service/auto-service-annotations/1.1.1/auto-service-annotations-1.1.1.jar:/Users/rafo/.m2/repository/org/seleniumhq/selenium/selenium-chromium-driver/4.18.1/selenium-chromium-driver-4.18.1.jar:/Users/rafo/.m2/repository/org/seleniumhq/selenium/selenium-json/4.18.1/selenium-json-4.18.1.jar:/Users/rafo/.m2/repository/org/seleniumhq/selenium/selenium-manager/4.18.1/selenium-manager-4.18.1.jar:/Users/rafo/.m2/repository/org/seleniumhq/selenium/selenium-devtools-v120/4.18.1/selenium-devtools-v120-4.18.1.jar:/Users/rafo/.m2/repository/org/seleniumhq/selenium/selenium-devtools-v121/4.18.1/selenium-devtools-v121-4.18.1.jar:/Users/rafo/.m2/repository/org/seleniumhq/selenium/selenium-devtools-v122/4.18.1/selenium-devtools-v122-4.18.1.jar:/Users/rafo/.m2/repository/org/seleniumhq/selenium/selenium-devtools-v85/4.18.1/selenium-devtools-v85-4.18.1.jar:/Users/rafo/.m2/repository/org/seleniumhq/selenium/selenium-edge-driver/4.18.1/selenium-edge-driver-4.18.1.jar:/Users/rafo/.m2/repository/org/seleniumhq/selenium/selenium-firefox-driver/4.18.1/selenium-firefox-driver-4.18.1.jar:/Users/rafo/.m2/repository/org/seleniumhq/selenium/selenium-http/4.18.1/selenium-http-4.18.1.jar:/Users/rafo/.m2/repository/dev/failsafe/failsafe/3.3.2/failsafe-3.3.2.jar:/Users/rafo/.m2/repository/org/seleniumhq/selenium/selenium-ie-driver/4.18.1/selenium-ie-driver-4.18.1.jar:/Users/rafo/.m2/repository/org/seleniumhq/selenium/selenium-remote-driver/4.18.1/selenium-remote-driver-4.18.1.jar:/Users/rafo/.m2/repository/com/google/guava/guava/33.0.0-jre/guava-33.0.0-jre.jar:/Users/rafo/.m2/repository/com/google/guava/failureaccess/1.0.2/failureaccess-1.0.2.jar:/Users/rafo/.m2/repository/com/google/guava/listenablefuture/9999.0-empty-to-avoid-conflict-with-guava/listenablefuture-9999.0-empty-to-avoid-conflict-with-guava.jar:/Users/rafo/.m2/repository/com/google/code/findbugs/jsr305/3.0.2/jsr305-3.0.2.jar:/Users/rafo/.m2/repository/org/checkerframework/checker-qual/3.41.0/checker-qual-3.41.0.jar:/Users/rafo/.m2/repository/com/google/errorprone/error_prone_annotations/2.23.0/error_prone_annotations-2.23.0.jar:/Users/rafo/.m2/repository/com/google/j2objc/j2objc-annotations/2.8/j2objc-annotations-2.8.jar:/Users/rafo/.m2/repository/io/opentelemetry/semconv/opentelemetry-semconv/1.23.1-alpha/opentelemetry-semconv-1.23.1-alpha.jar:/Users/rafo/.m2/repository/io/opentelemetry/opentelemetry-api/1.35.0/opentelemetry-api-1.35.0.jar:/Users/rafo/.m2/repository/io/opentelemetry/opentelemetry-context/1.35.0/opentelemetry-context-1.35.0.jar:/Users/rafo/.m2/repository/io/opentelemetry/opentelemetry-exporter-logging/1.35.0/opentelemetry-exporter-logging-1.35.0.jar:/Users/rafo/.m2/repository/io/opentelemetry/opentelemetry-sdk-common/1.35.0/opentelemetry-sdk-common-1.35.0.jar:/Users/rafo/.m2/repository/io/opentelemetry/opentelemetry-sdk-extension-autoconfigure-spi/1.35.0/opentelemetry-sdk-extension-autoconfigure-spi-1.35.0.jar:/Users/rafo/.m2/repository/io/opentelemetry/opentelemetry-sdk-extension-autoconfigure/1.35.0/opentelemetry-sdk-extension-autoconfigure-1.35.0.jar:/Users/rafo/.m2/repository/io/opentelemetry/opentelemetry-api-events/1.35.0-alpha/opentelemetry-api-events-1.35.0-alpha.jar:/Users/rafo/.m2/repository/io/opentelemetry/opentelemetry-sdk-trace/1.35.0/opentelemetry-sdk-trace-1.35.0.jar:/Users/rafo/.m2/repository/io/opentelemetry/opentelemetry-extension-incubator/1.35.0-alpha/opentelemetry-extension-incubator-1.35.0-alpha.jar:/Users/rafo/.m2/repository/io/opentelemetry/opentelemetry-sdk/1.35.0/opentelemetry-sdk-1.35.0.jar:/Users/rafo/.m2/repository/io/opentelemetry/opentelemetry-sdk-metrics/1.35.0/opentelemetry-sdk-metrics-1.35.0.jar:/Users/rafo/.m2/repository/io/opentelemetry/opentelemetry-sdk-logs/1.35.0/opentelemetry-sdk-logs-1.35.0.jar:/Users/rafo/.m2/repository/net/bytebuddy/byte-buddy/1.14.12/byte-buddy-1.14.12.jar:/Users/rafo/.m2/repository/org/seleniumhq/selenium/selenium-os/4.18.1/selenium-os-4.18.1.jar:/Users/rafo/.m2/repository/org/apache/commons/commons-exec/1.3/commons-exec-1.3.jar:/Users/rafo/.m2/repository/org/seleniumhq/selenium/selenium-safari-driver/4.18.1/selenium-safari-driver-4.18.1.jar:/Users/rafo/.m2/repository/org/seleniumhq/selenium/selenium-support/4.18.1/selenium-support-4.18.1.jar:/Users/rafo/.m2/repository/io/appium/java-client/9.0.0/java-client-9.0.0.jar:/Users/rafo/.m2/repository/com/google/code/gson/gson/2.10.1/gson-2.10.1.jar:/Users/rafo/.m2/repository/org/slf4j/slf4j-api/2.0.9/slf4j-api-2.0.9.jar:/Users/rafo/.m2/repository/junit/junit/4.13.2/junit-4.13.2.jar:/Users/rafo/.m2/repository/org/hamcrest/hamcrest-core/1.3/hamcrest-core-1.3.jar:/Users/rafo/.m2/repository/org/junit/jupiter/junit-jupiter/5.10.2/junit-jupiter-5.10.2.jar:/Users/rafo/.m2/repository/org/junit/jupiter/junit-jupiter-api/5.10.2/junit-jupiter-api-5.10.2.jar:/Users/rafo/.m2/repository/org/opentest4j/opentest4j/1.3.0/opentest4j-1.3.0.jar:/Users/rafo/.m2/repository/org/junit/platform/junit-platform-commons/1.10.2/junit-platform-commons-1.10.2.jar:/Users/rafo/.m2/repository/org/junit/jupiter/junit-jupiter-params/5.10.2/junit-jupiter-params-5.10.2.jar:/Users/rafo/.m2/repository/org/junit/jupiter/junit-jupiter-engine/5.10.2/junit-jupiter-engine-5.10.2.jar:/Users/rafo/.m2/repository/org/junit/platform/junit-platform-suite/1.10.2/junit-platform-suite-1.10.2.jar:/Users/rafo/.m2/repository/org/junit/platform/junit-platform-suite-api/1.10.2/junit-platform-suite-api-1.10.2.jar:/Users/rafo/.m2/repository/org/junit/platform/junit-platform-suite-engine/1.10.2/junit-platform-suite-engine-1.10.2.jar:/Users/rafo/.m2/repository/org/junit/platform/junit-platform-suite-commons/1.10.2/junit-platform-suite-commons-1.10.2.jar:/Users/rafo/.m2/repository/org/junit/platform/junit-platform-launcher/1.10.2/junit-platform-launcher-1.10.2.jar:/Users/rafo/.m2/repository/ch/qos/logback/logback-classic/1.5.18/logback-classic-1.5.18.jar:/Users/rafo/.m2/repository/ch/qos/logback/logback-core/1.5.18/logback-core-1.5.18.jar:/Users/rafo/.m2/repository/io/cucumber/cucumber-java/7.14.0/cucumber-java-7.14.0.jar:/Users/rafo/.m2/repository/io/cucumber/cucumber-core/7.14.0/cucumber-core-7.14.0.jar:/Users/rafo/.m2/repository/io/cucumber/cucumber-gherkin/7.14.0/cucumber-gherkin-7.14.0.jar:/Users/rafo/.m2/repository/io/cucumber/cucumber-gherkin-messages/7.14.0/cucumber-gherkin-messages-7.14.0.jar:/Users/rafo/.m2/repository/io/cucumber/gherkin/26.2.0/gherkin-26.2.0.jar:/Users/rafo/.m2/repository/io/cucumber/messages/22.0.0/messages-22.0.0.jar:/Users/rafo/.m2/repository/io/cucumber/tag-expressions/5.0.6/tag-expressions-5.0.6.jar:/Users/rafo/.m2/repository/io/cucumber/cucumber-expressions/16.1.2/cucumber-expressions-16.1.2.jar:/Users/rafo/.m2/repository/io/cucumber/datatable/7.14.0/datatable-7.14.0.jar:/Users/rafo/.m2/repository/io/cucumber/cucumber-plugin/7.14.0/cucumber-plugin-7.14.0.jar:/Users/rafo/.m2/repository/io/cucumber/docstring/7.14.0/docstring-7.14.0.jar:/Users/rafo/.m2/repository/io/cucumber/html-formatter/20.4.0/html-formatter-20.4.0.jar:/Users/rafo/.m2/repository/io/cucumber/junit-xml-formatter/0.2.0/junit-xml-formatter-0.2.0.jar:/Users/rafo/.m2/repository/io/cucumber/ci-environment/9.2.0/ci-environment-9.2.0.jar:/Users/rafo/.m2/repository/org/apiguardian/apiguardian-api/1.1.2/apiguardian-api-1.1.2.jar:/Users/rafo/.m2/repository/io/cucumber/cucumber-junit-platform-engine/7.14.0/cucumber-junit-platform-engine-7.14.0.jar:/Users/rafo/.m2/repository/org/junit/platform/junit-platform-engine/1.10.0/junit-platform-engine-1.10.0.jar:/Users/rafo/.m2/repository/io/cucumber/cucumber-junit/7.14.0/cucumber-junit-7.14.0.jar:"/>
    <property name="java.vm.vendor" value="Homebrew"/>
    <property name="sun.arch.data.model" value="64"/>
    <property name="java.vendor.url" value="https://github.com/Homebrew/homebrew-core/issues"/>
    <property name="os.name" value="Mac OS X"/>
    <property name="java.vm.specification.version" value="24"/>
    <property name="sun.java.launcher" value="SUN_STANDARD"/>
    <property name="user.country" value="AM"/>
    <property name="sun.boot.library.path" value="/opt/homebrew/Cellar/openjdk/24.0.1/libexec/openjdk.jdk/Contents/Home/lib"/>
    <property name="sun.java.command" value="/Users/rafo/IdeaProjects/Crassula/target/surefire/surefirebooter16363968330101375014.jar /Users/rafo/IdeaProjects/Crassula/target/surefire 2025-06-17T23-13-58_970-jvmRun1 surefire13697898353684713713tmp surefire_09269957207703960090tmp"/>
    <property name="http.nonProxyHosts" value="local|*.local|169.254/16|*.169.254/16"/>
    <property name="jdk.debug" value="release"/>
    <property name="test" value="LoginTestRunner"/>
    <property name="surefire.test.class.path" value="/Users/rafo/IdeaProjects/Crassula/target/test-classes:/Users/rafo/IdeaProjects/Crassula/target/classes:/Users/rafo/.m2/repository/org/seleniumhq/selenium/selenium-java/4.18.1/selenium-java-4.18.1.jar:/Users/rafo/.m2/repository/org/seleniumhq/selenium/selenium-api/4.18.1/selenium-api-4.18.1.jar:/Users/rafo/.m2/repository/org/seleniumhq/selenium/selenium-chrome-driver/4.18.1/selenium-chrome-driver-4.18.1.jar:/Users/rafo/.m2/repository/com/google/auto/service/auto-service-annotations/1.1.1/auto-service-annotations-1.1.1.jar:/Users/rafo/.m2/repository/org/seleniumhq/selenium/selenium-chromium-driver/4.18.1/selenium-chromium-driver-4.18.1.jar:/Users/rafo/.m2/repository/org/seleniumhq/selenium/selenium-json/4.18.1/selenium-json-4.18.1.jar:/Users/rafo/.m2/repository/org/seleniumhq/selenium/selenium-manager/4.18.1/selenium-manager-4.18.1.jar:/Users/rafo/.m2/repository/org/seleniumhq/selenium/selenium-devtools-v120/4.18.1/selenium-devtools-v120-4.18.1.jar:/Users/rafo/.m2/repository/org/seleniumhq/selenium/selenium-devtools-v121/4.18.1/selenium-devtools-v121-4.18.1.jar:/Users/rafo/.m2/repository/org/seleniumhq/selenium/selenium-devtools-v122/4.18.1/selenium-devtools-v122-4.18.1.jar:/Users/rafo/.m2/repository/org/seleniumhq/selenium/selenium-devtools-v85/4.18.1/selenium-devtools-v85-4.18.1.jar:/Users/rafo/.m2/repository/org/seleniumhq/selenium/selenium-edge-driver/4.18.1/selenium-edge-driver-4.18.1.jar:/Users/rafo/.m2/repository/org/seleniumhq/selenium/selenium-firefox-driver/4.18.1/selenium-firefox-driver-4.18.1.jar:/Users/rafo/.m2/repository/org/seleniumhq/selenium/selenium-http/4.18.1/selenium-http-4.18.1.jar:/Users/rafo/.m2/repository/dev/failsafe/failsafe/3.3.2/failsafe-3.3.2.jar:/Users/rafo/.m2/repository/org/seleniumhq/selenium/selenium-ie-driver/4.18.1/selenium-ie-driver-4.18.1.jar:/Users/rafo/.m2/repository/org/seleniumhq/selenium/selenium-remote-driver/4.18.1/selenium-remote-driver-4.18.1.jar:/Users/rafo/.m2/repository/com/google/guava/guava/33.0.0-jre/guava-33.0.0-jre.jar:/Users/rafo/.m2/repository/com/google/guava/failureaccess/1.0.2/failureaccess-1.0.2.jar:/Users/rafo/.m2/repository/com/google/guava/listenablefuture/9999.0-empty-to-avoid-conflict-with-guava/listenablefuture-9999.0-empty-to-avoid-conflict-with-guava.jar:/Users/rafo/.m2/repository/com/google/code/findbugs/jsr305/3.0.2/jsr305-3.0.2.jar:/Users/rafo/.m2/repository/org/checkerframework/checker-qual/3.41.0/checker-qual-3.41.0.jar:/Users/rafo/.m2/repository/com/google/errorprone/error_prone_annotations/2.23.0/error_prone_annotations-2.23.0.jar:/Users/rafo/.m2/repository/com/google/j2objc/j2objc-annotations/2.8/j2objc-annotations-2.8.jar:/Users/rafo/.m2/repository/io/opentelemetry/semconv/opentelemetry-semconv/1.23.1-alpha/opentelemetry-semconv-1.23.1-alpha.jar:/Users/rafo/.m2/repository/io/opentelemetry/opentelemetry-api/1.35.0/opentelemetry-api-1.35.0.jar:/Users/rafo/.m2/repository/io/opentelemetry/opentelemetry-context/1.35.0/opentelemetry-context-1.35.0.jar:/Users/rafo/.m2/repository/io/opentelemetry/opentelemetry-exporter-logging/1.35.0/opentelemetry-exporter-logging-1.35.0.jar:/Users/rafo/.m2/repository/io/opentelemetry/opentelemetry-sdk-common/1.35.0/opentelemetry-sdk-common-1.35.0.jar:/Users/rafo/.m2/repository/io/opentelemetry/opentelemetry-sdk-extension-autoconfigure-spi/1.35.0/opentelemetry-sdk-extension-autoconfigure-spi-1.35.0.jar:/Users/rafo/.m2/repository/io/opentelemetry/opentelemetry-sdk-extension-autoconfigure/1.35.0/opentelemetry-sdk-extension-autoconfigure-1.35.0.jar:/Users/rafo/.m2/repository/io/opentelemetry/opentelemetry-api-events/1.35.0-alpha/opentelemetry-api-events-1.35.0-alpha.jar:/Users/rafo/.m2/repository/io/opentelemetry/opentelemetry-sdk-trace/1.35.0/opentelemetry-sdk-trace-1.35.0.jar:/Users/rafo/.m2/repository/io/opentelemetry/opentelemetry-extension-incubator/1.35.0-alpha/opentelemetry-extension-incubator-1.35.0-alpha.jar:/Users/rafo/.m2/repository/io/opentelemetry/opentelemetry-sdk/1.35.0/opentelemetry-sdk-1.35.0.jar:/Users/rafo/.m2/repository/io/opentelemetry/opentelemetry-sdk-metrics/1.35.0/opentelemetry-sdk-metrics-1.35.0.jar:/Users/rafo/.m2/repository/io/opentelemetry/opentelemetry-sdk-logs/1.35.0/opentelemetry-sdk-logs-1.35.0.jar:/Users/rafo/.m2/repository/net/bytebuddy/byte-buddy/1.14.12/byte-buddy-1.14.12.jar:/Users/rafo/.m2/repository/org/seleniumhq/selenium/selenium-os/4.18.1/selenium-os-4.18.1.jar:/Users/rafo/.m2/repository/org/apache/commons/commons-exec/1.3/commons-exec-1.3.jar:/Users/rafo/.m2/repository/org/seleniumhq/selenium/selenium-safari-driver/4.18.1/selenium-safari-driver-4.18.1.jar:/Users/rafo/.m2/repository/org/seleniumhq/selenium/selenium-support/4.18.1/selenium-support-4.18.1.jar:/Users/rafo/.m2/repository/io/appium/java-client/9.0.0/java-client-9.0.0.jar:/Users/rafo/.m2/repository/com/google/code/gson/gson/2.10.1/gson-2.10.1.jar:/Users/rafo/.m2/repository/org/slf4j/slf4j-api/2.0.9/slf4j-api-2.0.9.jar:/Users/rafo/.m2/repository/junit/junit/4.13.2/junit-4.13.2.jar:/Users/rafo/.m2/repository/org/hamcrest/hamcrest-core/1.3/hamcrest-core-1.3.jar:/Users/rafo/.m2/repository/org/junit/jupiter/junit-jupiter/5.10.2/junit-jupiter-5.10.2.jar:/Users/rafo/.m2/repository/org/junit/jupiter/junit-jupiter-api/5.10.2/junit-jupiter-api-5.10.2.jar:/Users/rafo/.m2/repository/org/opentest4j/opentest4j/1.3.0/opentest4j-1.3.0.jar:/Users/rafo/.m2/repository/org/junit/platform/junit-platform-commons/1.10.2/junit-platform-commons-1.10.2.jar:/Users/rafo/.m2/repository/org/junit/jupiter/junit-jupiter-params/5.10.2/junit-jupiter-params-5.10.2.jar:/Users/rafo/.m2/repository/org/junit/jupiter/junit-jupiter-engine/5.10.2/junit-jupiter-engine-5.10.2.jar:/Users/rafo/.m2/repository/org/junit/platform/junit-platform-suite/1.10.2/junit-platform-suite-1.10.2.jar:/Users/rafo/.m2/repository/org/junit/platform/junit-platform-suite-api/1.10.2/junit-platform-suite-api-1.10.2.jar:/Users/rafo/.m2/repository/org/junit/platform/junit-platform-suite-engine/1.10.2/junit-platform-suite-engine-1.10.2.jar:/Users/rafo/.m2/repository/org/junit/platform/junit-platform-suite-commons/1.10.2/junit-platform-suite-commons-1.10.2.jar:/Users/rafo/.m2/repository/org/junit/platform/junit-platform-launcher/1.10.2/junit-platform-launcher-1.10.2.jar:/Users/rafo/.m2/repository/ch/qos/logback/logback-classic/1.5.18/logback-classic-1.5.18.jar:/Users/rafo/.m2/repository/ch/qos/logback/logback-core/1.5.18/logback-core-1.5.18.jar:/Users/rafo/.m2/repository/io/cucumber/cucumber-java/7.14.0/cucumber-java-7.14.0.jar:/Users/rafo/.m2/repository/io/cucumber/cucumber-core/7.14.0/cucumber-core-7.14.0.jar:/Users/rafo/.m2/repository/io/cucumber/cucumber-gherkin/7.14.0/cucumber-gherkin-7.14.0.jar:/Users/rafo/.m2/repository/io/cucumber/cucumber-gherkin-messages/7.14.0/cucumber-gherkin-messages-7.14.0.jar:/Users/rafo/.m2/repository/io/cucumber/gherkin/26.2.0/gherkin-26.2.0.jar:/Users/rafo/.m2/repository/io/cucumber/messages/22.0.0/messages-22.0.0.jar:/Users/rafo/.m2/repository/io/cucumber/tag-expressions/5.0.6/tag-expressions-5.0.6.jar:/Users/rafo/.m2/repository/io/cucumber/cucumber-expressions/16.1.2/cucumber-expressions-16.1.2.jar:/Users/rafo/.m2/repository/io/cucumber/datatable/7.14.0/datatable-7.14.0.jar:/Users/rafo/.m2/repository/io/cucumber/cucumber-plugin/7.14.0/cucumber-plugin-7.14.0.jar:/Users/rafo/.m2/repository/io/cucumber/docstring/7.14.0/docstring-7.14.0.jar:/Users/rafo/.m2/repository/io/cucumber/html-formatter/20.4.0/html-formatter-20.4.0.jar:/Users/rafo/.m2/repository/io/cucumber/junit-xml-formatter/0.2.0/junit-xml-formatter-0.2.0.jar:/Users/rafo/.m2/repository/io/cucumber/ci-environment/9.2.0/ci-environment-9.2.0.jar:/Users/rafo/.m2/repository/org/apiguardian/apiguardian-api/1.1.2/apiguardian-api-1.1.2.jar:/Users/rafo/.m2/repository/io/cucumber/cucumber-junit-platform-engine/7.14.0/cucumber-junit-platform-engine-7.14.0.jar:/Users/rafo/.m2/repository/org/junit/platform/junit-platform-engine/1.10.0/junit-platform-engine-1.10.0.jar:/Users/rafo/.m2/repository/io/cucumber/cucumber-junit/7.14.0/cucumber-junit-7.14.0.jar:"/>
    <property name="sun.cpu.endian" value="little"/>
    <property name="user.home" value="/Users/rafo"/>
    <property name="user.language" value="en"/>
    <property name="java.specification.vendor" value="Oracle Corporation"/>
    <property name="java.version.date" value="2025-04-15"/>
    <property name="java.home" value="/opt/homebrew/Cellar/openjdk/24.0.1/libexec/openjdk.jdk/Contents/Home"/>
    <property name="file.separator" value="/"/>
    <property name="basedir" value="/Users/rafo/IdeaProjects/Crassula"/>
    <property name="java.vm.compressedOopsMode" value="Zero based"/>
    <property name="line.separator" value="&#10;"/>
    <property name="java.vm.specification.vendor" value="Oracle Corporation"/>
    <property name="java.specification.name" value="Java Platform API Specification"/>
    <property name="apple.awt.application.name" value="ForkedBooter"/>
    <property name="surefire.real.class.path" value="/Users/rafo/IdeaProjects/Crassula/target/surefire/surefirebooter16363968330101375014.jar"/>
    <property name="sun.management.compiler" value="HotSpot 64-Bit Tiered Compilers"/>
    <property name="ftp.nonProxyHosts" value="local|*.local|169.254/16|*.169.254/16"/>
    <property name="java.runtime.version" value="24.0.1"/>
    <property name="user.name" value="rafo"/>
    <property name="stdout.encoding" value="UTF-8"/>
    <property name="path.separator" value=":"/>
    <property name="os.version" value="15.5"/>
    <property name="java.runtime.name" value="OpenJDK Runtime Environment"/>
    <property name="file.encoding" value="UTF-8"/>
    <property name="java.vm.name" value="OpenJDK 64-Bit Server VM"/>
    <property name="java.vendor.version" value="Homebrew"/>
    <property name="localRepository" value="/Users/rafo/.m2/repository"/>
    <property name="java.vendor.url.bug" value="https://github.com/Homebrew/homebrew-core/issues"/>
    <property name="java.io.tmpdir" value="/var/folders/fy/pt792pzd2590f_r43mdlxfbr0000gn/T/"/>
    <property name="java.version" value="24.0.1"/>
    <property name="user.dir" value="/Users/rafo/IdeaProjects/Crassula"/>
    <property name="os.arch" value="aarch64"/>
    <property name="java.vm.specification.name" value="Java Virtual Machine Specification"/>
    <property name="failIfNoTests" value="false"/>
    <property name="native.encoding" value="UTF-8"/>
    <property name="java.library.path" value="/Users/rafo/Library/Java/Extensions:/Library/Java/Extensions:/Network/Library/Java/Extensions:/System/Library/Java/Extensions:/usr/lib/java:."/>
    <property name="java.vm.info" value="mixed mode, sharing"/>
    <property name="stderr.encoding" value="UTF-8"/>
    <property name="java.vendor" value="Homebrew"/>
    <property name="java.vm.version" value="24.0.1"/>
    <property name="sun.io.unicode.encoding" value="UnicodeBig"/>
    <property name="socksNonProxyHosts" value="local|*.local|169.254/16|*.169.254/16"/>
    <property name="java.class.version" value="68.0"/>
  </properties>
  <testcase name="Successful currency exchange" classname="runners.LoginTestRunner" time="0.042">
    <error message="Cannot detect type of the Driver. Platform value: null" type="java.lang.Exception">java.lang.Exception: Cannot detect type of the Driver. Platform value: null
</error>
    <system-out><![CDATA[
@CurrencyExchange @SuccessfulExchange @Smoke
Scenario: Successful currency exchange                            &amp#27;[90m# features/CurrencyExchange.feature:15&amp#27;[0m
  &amp#27;[31mGiven &amp#27;[0m&amp#27;[31mI am on the login page&amp#27;[0m                                    &amp#27;[90m# steps.CurrencyExchangeSteps.i_am_on_the_login_page()&amp#27;[0m
      &amp#27;[31mjava.lang.Exception: Cannot detect type of the Driver. Platform value: null
	at lib.Platform.getDriver(Platform.java:35)
	at steps.CurrencyExchangeSteps.i_am_on_the_login_page(CurrencyExchangeSteps.java:29)
	at ✽.I am on the login page(classpath:features/CurrencyExchange.feature:8)
&amp#27;[0m
  &amp#27;[36mWhen &amp#27;[0m&amp#27;[36mI click the login button&amp#27;[0m                                   &amp#27;[90m# steps.CurrencyExchangeSteps.i_click_the_login_button()&amp#27;[0m
  &amp#27;[36mAnd &amp#27;[0m&amp#27;[36mI enter email &amp#27;[0m&amp#27;[36m&amp#27;[1m"client@crassula.io"&amp#27;[0m&amp#27;[36m and password &amp#27;[0m&amp#27;[36m&amp#27;[1m"Qwerty123"&amp#27;[0m &amp#27;[90m# steps.CurrencyExchangeSteps.i_enter_email_and_password(java.lang.String,java.lang.String)&amp#27;[0m
  &amp#27;[36mAnd &amp#27;[0m&amp#27;[36mI create a passcode&amp#27;[0m                                         &amp#27;[90m# steps.CurrencyExchangeSteps.i_create_a_passcode()&amp#27;[0m
  &amp#27;[36mThen &amp#27;[0m&amp#27;[36mI should see the dashboard&amp#27;[0m                                 &amp#27;[90m# steps.CurrencyExchangeSteps.i_should_see_the_dashboard()&amp#27;[0m
  &amp#27;[36mGiven &amp#27;[0m&amp#27;[36mI am on the dashboard&amp#27;[0m                                     &amp#27;[90m# steps.CurrencyExchangeSteps.i_am_on_the_dashboard()&amp#27;[0m
  &amp#27;[36mWhen &amp#27;[0m&amp#27;[36mI click the exchange button&amp#27;[0m                                &amp#27;[90m# steps.CurrencyExchangeSteps.i_click_the_exchange_button()&amp#27;[0m
  &amp#27;[36mThen &amp#27;[0m&amp#27;[36mI should see the exchange page&amp#27;[0m                             &amp#27;[90m# steps.CurrencyExchangeSteps.i_should_see_the_exchange_page()&amp#27;[0m
  &amp#27;[36mAnd &amp#27;[0m&amp#27;[36mI should see exchange rate information&amp#27;[0m                      &amp#27;[90m# steps.CurrencyExchangeSteps.i_should_see_exchange_rate_information()&amp#27;[0m
  &amp#27;[36mAnd &amp#27;[0m&amp#27;[36mI should see first amount field&amp#27;[0m                             &amp#27;[90m# steps.CurrencyExchangeSteps.i_should_see_first_amount_field()&amp#27;[0m
  &amp#27;[36mAnd &amp#27;[0m&amp#27;[36mI should see first currency icon&amp#27;[0m                            &amp#27;[90m# steps.CurrencyExchangeSteps.i_should_see_first_currency_icon()&amp#27;[0m
  &amp#27;[36mAnd &amp#27;[0m&amp#27;[36mI should see first currency button&amp#27;[0m                          &amp#27;[90m# steps.CurrencyExchangeSteps.i_should_see_first_currency_button()&amp#27;[0m
  &amp#27;[36mAnd &amp#27;[0m&amp#27;[36mI should see first field balance&amp#27;[0m                            &amp#27;[90m# steps.CurrencyExchangeSteps.i_should_see_first_field_balance()&amp#27;[0m
  &amp#27;[36mAnd &amp#27;[0m&amp#27;[36mI should see max button&amp#27;[0m                                     &amp#27;[90m# steps.CurrencyExchangeSteps.i_should_see_max_button()&amp#27;[0m
  &amp#27;[36mAnd &amp#27;[0m&amp#27;[36mI should see second amount field&amp#27;[0m                            &amp#27;[90m# steps.CurrencyExchangeSteps.i_should_see_second_amount_field()&amp#27;[0m
  &amp#27;[36mAnd &amp#27;[0m&amp#27;[36mI should see second currency icon&amp#27;[0m                           &amp#27;[90m# steps.CurrencyExchangeSteps.i_should_see_second_currency_icon()&amp#27;[0m
  &amp#27;[36mAnd &amp#27;[0m&amp#27;[36mI should see second currency button&amp#27;[0m                         &amp#27;[90m# steps.CurrencyExchangeSteps.i_should_see_second_currency_button()&amp#27;[0m
  &amp#27;[36mAnd &amp#27;[0m&amp#27;[36mI should see second field balance&amp#27;[0m                           &amp#27;[90m# steps.CurrencyExchangeSteps.i_should_see_second_field_balance()&amp#27;[0m
  &amp#27;[36mAnd &amp#27;[0m&amp#27;[36mI should see fee information&amp#27;[0m                                &amp#27;[90m# steps.CurrencyExchangeSteps.i_should_see_fee_information()&amp#27;[0m
  &amp#27;[36mAnd &amp#27;[0m&amp#27;[36mI should see account to label&amp#27;[0m                               &amp#27;[90m# steps.CurrencyExchangeSteps.i_should_see_account_to_label()&amp#27;[0m
  &amp#27;[36mAnd &amp#27;[0m&amp#27;[36mI should see account selection field&amp#27;[0m                        &amp#27;[90m# steps.CurrencyExchangeSteps.i_should_see_account_selection_field()&amp#27;[0m
  &amp#27;[36mAnd &amp#27;[0m&amp#27;[36mI should see account name&amp#27;[0m                                   &amp#27;[90m# steps.CurrencyExchangeSteps.i_should_see_account_name()&amp#27;[0m
  &amp#27;[36mAnd &amp#27;[0m&amp#27;[36mI should see account amount&amp#27;[0m                                 &amp#27;[90m# steps.CurrencyExchangeSteps.i_should_see_account_amount()&amp#27;[0m
  &amp#27;[36mWhen &amp#27;[0m&amp#27;[36mI click on account selection&amp#27;[0m                               &amp#27;[90m# steps.CurrencyExchangeSteps.i_click_on_account_selection()&amp#27;[0m
  &amp#27;[36mThen &amp#27;[0m&amp#27;[36mI should see account selection modal&amp#27;[0m                       &amp#27;[90m# steps.CurrencyExchangeSteps.i_should_see_account_selection_modal()&amp#27;[0m
  &amp#27;[36mWhen &amp#27;[0m&amp#27;[36mI select an account&amp#27;[0m                                        &amp#27;[90m# steps.CurrencyExchangeSteps.i_select_an_account()&amp#27;[0m
  &amp#27;[36mAnd &amp#27;[0m&amp#27;[36mI should see exchange button in form&amp#27;[0m                        &amp#27;[90m# steps.CurrencyExchangeSteps.i_should_see_exchange_button_in_form()&amp#27;[0m
  &amp#27;[36mAnd &amp#27;[0m&amp#27;[36mI should see account button&amp#27;[0m                                 &amp#27;[90m# steps.CurrencyExchangeSteps.i_should_see_account_button()&amp#27;[0m
  &amp#27;[36mWhen &amp#27;[0m&amp#27;[36mI click max button and clear amount&amp#27;[0m                        &amp#27;[90m# steps.CurrencyExchangeSteps.i_click_max_button_and_clear_amount()&amp#27;[0m
  &amp#27;[36mAnd &amp#27;[0m&amp#27;[36mI click first amount field&amp#27;[0m                                  &amp#27;[90m# steps.CurrencyExchangeSteps.i_click_first_amount_field()&amp#27;[0m
  &amp#27;[36mAnd &amp#27;[0m&amp#27;[36mI enter amount &amp#27;[0m&amp#27;[36m&amp#27;[1m"1"&amp#27;[0m                                          &amp#27;[90m# steps.CurrencyExchangeSteps.i_enter_amount(java.lang.String)&amp#27;[0m
  &amp#27;[36mThen &amp#27;[0m&amp#27;[36mI should see minus symbol in first field&amp#27;[0m                   &amp#27;[90m# steps.CurrencyExchangeSteps.i_should_see_minus_symbol_in_first_field()&amp#27;[0m
  &amp#27;[36mAnd &amp#27;[0m&amp#27;[36mI should see plus symbol in second field&amp#27;[0m                    &amp#27;[90m# steps.CurrencyExchangeSteps.i_should_see_plus_symbol_in_second_field()&amp#27;[0m
  &amp#27;[36mWhen &amp#27;[0m&amp#27;[36mI click fee info&amp#27;[0m                                           &amp#27;[90m# steps.CurrencyExchangeSteps.i_click_fee_info()&amp#27;[0m
  &amp#27;[36mThen &amp#27;[0m&amp#27;[36mI should see fee details modal for amount &amp#27;[0m&amp#27;[36m&amp#27;[1m"1"&amp#27;[0m              &amp#27;[90m# steps.CurrencyExchangeSteps.i_should_see_fee_details_modal_for_amount(java.lang.String)&amp#27;[0m
  &amp#27;[36mWhen &amp#27;[0m&amp#27;[36mI close fee details modal&amp#27;[0m                                  &amp#27;[90m# steps.CurrencyExchangeSteps.i_close_fee_details_modal()&amp#27;[0m
  &amp#27;[36mAnd &amp#27;[0m&amp#27;[36mI click exchange button in form&amp#27;[0m                             &amp#27;[90m# steps.CurrencyExchangeSteps.i_click_exchange_button_in_form()&amp#27;[0m
  &amp#27;[36mThen &amp#27;[0m&amp#27;[36mI should see confirm exchange title&amp#27;[0m                        &amp#27;[90m# steps.CurrencyExchangeSteps.i_should_see_confirm_exchange_title()&amp#27;[0m
  &amp#27;[36mAnd &amp#27;[0m&amp#27;[36mI should see confirmation details for amount &amp#27;[0m&amp#27;[36m&amp#27;[1m"1"&amp#27;[0m            &amp#27;[90m# steps.CurrencyExchangeSteps.i_should_see_confirmation_details_for_amount(java.lang.String)&amp#27;[0m
  &amp#27;[36mWhen &amp#27;[0m&amp#27;[36mI click confirm exchange&amp#27;[0m                                   &amp#27;[90m# steps.CurrencyExchangeSteps.i_click_confirm_exchange()&amp#27;[0m
  &amp#27;[36mThen &amp#27;[0m&amp#27;[36mI should see success title&amp#27;[0m                                 &amp#27;[90m# steps.CurrencyExchangeSteps.i_should_see_success_title()&amp#27;[0m
  &amp#27;[36mAnd &amp#27;[0m&amp#27;[36mI should see success message&amp#27;[0m                                &amp#27;[90m# steps.CurrencyExchangeSteps.i_should_see_success_message()&amp#27;[0m
  &amp#27;[36mAnd &amp#27;[0m&amp#27;[36mI should see exchange amount&amp#27;[0m                                &amp#27;[90m# steps.CurrencyExchangeSteps.i_should_see_exchange_amount()&amp#27;[0m
  &amp#27;[36mAnd &amp#27;[0m&amp#27;[36mI should see transaction details title&amp#27;[0m                      &amp#27;[90m# steps.CurrencyExchangeSteps.i_should_see_transaction_details_title()&amp#27;[0m
  &amp#27;[36mWhen &amp#27;[0m&amp#27;[36mI click transaction details&amp#27;[0m                                &amp#27;[90m# steps.CurrencyExchangeSteps.i_click_transaction_details()&amp#27;[0m
  &amp#27;[36mThen &amp#27;[0m&amp#27;[36mI should see transaction details content&amp#27;[0m                   &amp#27;[90m# steps.CurrencyExchangeSteps.i_should_see_transaction_details_content()&amp#27;[0m
  &amp#27;[36mWhen &amp#27;[0m&amp#27;[36mI click back button&amp#27;[0m                                        &amp#27;[90m# steps.CurrencyExchangeSteps.i_click_back_button()&amp#27;[0m
  &amp#27;[36mAnd &amp#27;[0m&amp#27;[36mI click back to home&amp#27;[0m                                        &amp#27;[90m# steps.CurrencyExchangeSteps.i_click_back_to_home()&amp#27;[0m
  &amp#27;[36mThen &amp#27;[0m&amp#27;[36mI should see transaction on dashboard&amp#27;[0m                      &amp#27;[90m# steps.CurrencyExchangeSteps.i_should_see_transaction_on_dashboard()&amp#27;[0m
]]></system-out>
  </testcase>
  <testcase name="Currency selection validation for Android" classname="runners.LoginTestRunner" time="0.011">
    <error message="Cannot detect type of the Driver. Platform value: null" type="java.lang.Exception">java.lang.Exception: Cannot detect type of the Driver. Platform value: null
</error>
    <system-out><![CDATA[
@CurrencyExchange @CurrencySelection @Android
Scenario: Currency selection validation for Android               &amp#27;[90m# features/CurrencyExchange.feature:62&amp#27;[0m
  &amp#27;[31mGiven &amp#27;[0m&amp#27;[31mI am on the login page&amp#27;[0m                                    &amp#27;[90m# steps.CurrencyExchangeSteps.i_am_on_the_login_page()&amp#27;[0m
      &amp#27;[31mjava.lang.Exception: Cannot detect type of the Driver. Platform value: null
	at lib.Platform.getDriver(Platform.java:35)
	at steps.CurrencyExchangeSteps.i_am_on_the_login_page(CurrencyExchangeSteps.java:29)
	at ✽.I am on the login page(classpath:features/CurrencyExchange.feature:8)
&amp#27;[0m
  &amp#27;[36mWhen &amp#27;[0m&amp#27;[36mI click the login button&amp#27;[0m                                   &amp#27;[90m# steps.CurrencyExchangeSteps.i_click_the_login_button()&amp#27;[0m
  &amp#27;[36mAnd &amp#27;[0m&amp#27;[36mI enter email &amp#27;[0m&amp#27;[36m&amp#27;[1m"client@crassula.io"&amp#27;[0m&amp#27;[36m and password &amp#27;[0m&amp#27;[36m&amp#27;[1m"Qwerty123"&amp#27;[0m &amp#27;[90m# steps.CurrencyExchangeSteps.i_enter_email_and_password(java.lang.String,java.lang.String)&amp#27;[0m
  &amp#27;[36mAnd &amp#27;[0m&amp#27;[36mI create a passcode&amp#27;[0m                                         &amp#27;[90m# steps.CurrencyExchangeSteps.i_create_a_passcode()&amp#27;[0m
  &amp#27;[36mThen &amp#27;[0m&amp#27;[36mI should see the dashboard&amp#27;[0m                                 &amp#27;[90m# steps.CurrencyExchangeSteps.i_should_see_the_dashboard()&amp#27;[0m
  &amp#27;[36mGiven &amp#27;[0m&amp#27;[36mI am on the dashboard&amp#27;[0m                                     &amp#27;[90m# steps.CurrencyExchangeSteps.i_am_on_the_dashboard()&amp#27;[0m
  &amp#27;[36mAnd &amp#27;[0m&amp#27;[36mI am using Android platform&amp#27;[0m                                 &amp#27;[90m# steps.CurrencyExchangeSteps.i_am_using_android_platform()&amp#27;[0m
  &amp#27;[36mWhen &amp#27;[0m&amp#27;[36mI click the exchange button&amp#27;[0m                                &amp#27;[90m# steps.CurrencyExchangeSteps.i_click_the_exchange_button()&amp#27;[0m
  &amp#27;[36mThen &amp#27;[0m&amp#27;[36mI should see the exchange page&amp#27;[0m                             &amp#27;[90m# steps.CurrencyExchangeSteps.i_should_see_the_exchange_page()&amp#27;[0m
  &amp#27;[36mWhen &amp#27;[0m&amp#27;[36mI get first currency button text&amp#27;[0m                           &amp#27;[90m# steps.CurrencyExchangeSteps.i_get_first_currency_button_text()&amp#27;[0m
  &amp#27;[36mAnd &amp#27;[0m&amp#27;[36mI click first currency button&amp#27;[0m                               &amp#27;[90m# steps.CurrencyExchangeSteps.i_click_first_currency_button()&amp#27;[0m
  &amp#27;[36mThen &amp#27;[0m&amp#27;[36mI should see currency selection elements&amp#27;[0m                   &amp#27;[90m# steps.CurrencyExchangeSteps.i_should_see_currency_selection_elements()&amp#27;[0m
  &amp#27;[36mWhen &amp#27;[0m&amp#27;[36mI close currency selection&amp#27;[0m                                 &amp#27;[90m# steps.CurrencyExchangeSteps.i_close_currency_selection()&amp#27;[0m
  &amp#27;[36mAnd &amp#27;[0m&amp#27;[36mI get second currency button text&amp#27;[0m                           &amp#27;[90m# steps.CurrencyExchangeSteps.i_get_second_currency_button_text()&amp#27;[0m
  &amp#27;[36mAnd &amp#27;[0m&amp#27;[36mI click second currency button&amp#27;[0m                              &amp#27;[90m# steps.CurrencyExchangeSteps.i_click_second_currency_button()&amp#27;[0m
  &amp#27;[36mThen &amp#27;[0m&amp#27;[36mI should see second currency selection elements&amp#27;[0m            &amp#27;[90m# steps.CurrencyExchangeSteps.i_should_see_second_currency_selection_elements()&amp#27;[0m
  &amp#27;[36mWhen &amp#27;[0m&amp#27;[36mI close second currency selection&amp#27;[0m                          &amp#27;[90m# steps.CurrencyExchangeSteps.i_close_second_currency_selection()&amp#27;[0m
  &amp#27;[36mThen &amp#27;[0m&amp#27;[36mcurrency selection should be completed&amp#27;[0m                     &amp#27;[90m# steps.CurrencyExchangeSteps.currency_selection_should_be_completed()&amp#27;[0m
]]></system-out>
  </testcase>
  <testcase name="Insufficient funds validation" classname="runners.LoginTestRunner" time="0.004">
    <error message="Cannot detect type of the Driver. Platform value: null" type="java.lang.Exception">java.lang.Exception: Cannot detect type of the Driver. Platform value: null
</error>
    <system-out><![CDATA[
@CurrencyExchange @ValidationError @NegativeTest
Scenario: Insufficient funds validation                           &amp#27;[90m# features/CurrencyExchange.feature:78&amp#27;[0m
  &amp#27;[31mGiven &amp#27;[0m&amp#27;[31mI am on the login page&amp#27;[0m                                    &amp#27;[90m# steps.CurrencyExchangeSteps.i_am_on_the_login_page()&amp#27;[0m
      &amp#27;[31mjava.lang.Exception: Cannot detect type of the Driver. Platform value: null
	at lib.Platform.getDriver(Platform.java:35)
	at steps.CurrencyExchangeSteps.i_am_on_the_login_page(CurrencyExchangeSteps.java:29)
	at ✽.I am on the login page(classpath:features/CurrencyExchange.feature:8)
&amp#27;[0m
  &amp#27;[36mWhen &amp#27;[0m&amp#27;[36mI click the login button&amp#27;[0m                                   &amp#27;[90m# steps.CurrencyExchangeSteps.i_click_the_login_button()&amp#27;[0m
  &amp#27;[36mAnd &amp#27;[0m&amp#27;[36mI enter email &amp#27;[0m&amp#27;[36m&amp#27;[1m"client@crassula.io"&amp#27;[0m&amp#27;[36m and password &amp#27;[0m&amp#27;[36m&amp#27;[1m"Qwerty123"&amp#27;[0m &amp#27;[90m# steps.CurrencyExchangeSteps.i_enter_email_and_password(java.lang.String,java.lang.String)&amp#27;[0m
  &amp#27;[36mAnd &amp#27;[0m&amp#27;[36mI create a passcode&amp#27;[0m                                         &amp#27;[90m# steps.CurrencyExchangeSteps.i_create_a_passcode()&amp#27;[0m
  &amp#27;[36mThen &amp#27;[0m&amp#27;[36mI should see the dashboard&amp#27;[0m                                 &amp#27;[90m# steps.CurrencyExchangeSteps.i_should_see_the_dashboard()&amp#27;[0m
  &amp#27;[36mGiven &amp#27;[0m&amp#27;[36mI am on the dashboard&amp#27;[0m                                     &amp#27;[90m# steps.CurrencyExchangeSteps.i_am_on_the_dashboard()&amp#27;[0m
  &amp#27;[36mWhen &amp#27;[0m&amp#27;[36mI click the exchange button&amp#27;[0m                                &amp#27;[90m# steps.CurrencyExchangeSteps.i_click_the_exchange_button()&amp#27;[0m
  &amp#27;[36mThen &amp#27;[0m&amp#27;[36mI should see the exchange page&amp#27;[0m                             &amp#27;[90m# steps.CurrencyExchangeSteps.i_should_see_the_exchange_page()&amp#27;[0m
  &amp#27;[36mWhen &amp#27;[0m&amp#27;[36mI try to exchange amount greater than available balance&amp#27;[0m    &amp#27;[90m# steps.CurrencyExchangeSteps.i_try_to_exchange_amount_greater_than_available_balance()&amp#27;[0m
  &amp#27;[36mThen &amp#27;[0m&amp#27;[36mI should see insufficient funds error&amp#27;[0m                      &amp#27;[90m# steps.CurrencyExchangeSteps.i_should_see_insufficient_funds_error()&amp#27;[0m
]]></system-out>
  </testcase>
  <testcase name="Unavailable currency pair validation" classname="runners.LoginTestRunner" time="0.004">
    <error message="Cannot detect type of the Driver. Platform value: null" type="java.lang.Exception">java.lang.Exception: Cannot detect type of the Driver. Platform value: null
</error>
    <system-out><![CDATA[
@CurrencyExchange @ValidationError @NegativeTest
Scenario: Unavailable currency pair validation                    &amp#27;[90m# features/CurrencyExchange.feature:86&amp#27;[0m
  &amp#27;[31mGiven &amp#27;[0m&amp#27;[31mI am on the login page&amp#27;[0m                                    &amp#27;[90m# steps.CurrencyExchangeSteps.i_am_on_the_login_page()&amp#27;[0m
      &amp#27;[31mjava.lang.Exception: Cannot detect type of the Driver. Platform value: null
	at lib.Platform.getDriver(Platform.java:35)
	at steps.CurrencyExchangeSteps.i_am_on_the_login_page(CurrencyExchangeSteps.java:29)
	at ✽.I am on the login page(classpath:features/CurrencyExchange.feature:8)
&amp#27;[0m
  &amp#27;[36mWhen &amp#27;[0m&amp#27;[36mI click the login button&amp#27;[0m                                   &amp#27;[90m# steps.CurrencyExchangeSteps.i_click_the_login_button()&amp#27;[0m
  &amp#27;[36mAnd &amp#27;[0m&amp#27;[36mI enter email &amp#27;[0m&amp#27;[36m&amp#27;[1m"client@crassula.io"&amp#27;[0m&amp#27;[36m and password &amp#27;[0m&amp#27;[36m&amp#27;[1m"Qwerty123"&amp#27;[0m &amp#27;[90m# steps.CurrencyExchangeSteps.i_enter_email_and_password(java.lang.String,java.lang.String)&amp#27;[0m
  &amp#27;[36mAnd &amp#27;[0m&amp#27;[36mI create a passcode&amp#27;[0m                                         &amp#27;[90m# steps.CurrencyExchangeSteps.i_create_a_passcode()&amp#27;[0m
  &amp#27;[36mThen &amp#27;[0m&amp#27;[36mI should see the dashboard&amp#27;[0m                                 &amp#27;[90m# steps.CurrencyExchangeSteps.i_should_see_the_dashboard()&amp#27;[0m
  &amp#27;[36mGiven &amp#27;[0m&amp#27;[36mI am on the dashboard&amp#27;[0m                                     &amp#27;[90m# steps.CurrencyExchangeSteps.i_am_on_the_dashboard()&amp#27;[0m
  &amp#27;[36mWhen &amp#27;[0m&amp#27;[36mI click the exchange button&amp#27;[0m                                &amp#27;[90m# steps.CurrencyExchangeSteps.i_click_the_exchange_button()&amp#27;[0m
  &amp#27;[36mThen &amp#27;[0m&amp#27;[36mI should see the exchange page&amp#27;[0m                             &amp#27;[90m# steps.CurrencyExchangeSteps.i_should_see_the_exchange_page()&amp#27;[0m
  &amp#27;[36mWhen &amp#27;[0m&amp#27;[36mI try to select unavailable currency pair&amp#27;[0m                  &amp#27;[90m# steps.CurrencyExchangeSteps.i_try_to_select_unavailable_currency_pair()&amp#27;[0m
  &amp#27;[36mThen &amp#27;[0m&amp#27;[36mI should see currency pair unavailable error&amp#27;[0m               &amp#27;[90m# steps.CurrencyExchangeSteps.i_should_see_currency_pair_unavailable_error()&amp#27;[0m
]]></system-out>
  </testcase>
  <testcase name="Successful login" classname="runners.LoginTestRunner" time="0.004">
    <error message="Cannot detect type of the Driver. Platform value: null" type="java.lang.Exception">java.lang.Exception: Cannot detect type of the Driver. Platform value: null
</error>
    <system-out><![CDATA[
Scenario: Successful login                     &amp#27;[90m# features/login.feature:3&amp#27;[0m
  &amp#27;[31mGiven &amp#27;[0m&amp#27;[31mthe user is on the login page&amp#27;[0m          &amp#27;[90m# steps.LoginSteps.theUserIsOnTheLoginPage()&amp#27;[0m
      &amp#27;[31mjava.lang.Exception: Cannot detect type of the Driver. Platform value: null
	at lib.Platform.getDriver(Platform.java:35)
	at steps.LoginSteps.theUserIsOnTheLoginPage(LoginSteps.java:20)
	at ✽.the user is on the login page(classpath:features/login.feature:4)
&amp#27;[0m
  &amp#27;[36mWhen &amp#27;[0m&amp#27;[36mthe user enters valid credentials&amp#27;[0m       &amp#27;[90m# steps.LoginSteps.theUserEntersValidCredentials()&amp#27;[0m
  &amp#27;[36mAnd &amp#27;[0m&amp#27;[36mclicks the login button&amp#27;[0m                  &amp#27;[90m# steps.LoginSteps.clicksTheLoginButton()&amp#27;[0m
  &amp#27;[36mThen &amp#27;[0m&amp#27;[36mthe user is redirected to the dashboard&amp#27;[0m &amp#27;[90m# steps.LoginSteps.theUserIsRedirectedToTheDashboard()&amp#27;[0m
]]></system-out>
  </testcase>
  <testcase name="Validation for blank email and password" classname="runners.LoginTestRunner" time="0.003">
    <error message="Cannot detect type of the Driver. Platform value: null" type="java.lang.Exception">java.lang.Exception: Cannot detect type of the Driver. Platform value: null
</error>
    <system-out><![CDATA[
Scenario: Validation for blank email and password                     &amp#27;[90m# features/login.feature:9&amp#27;[0m
  &amp#27;[31mGiven &amp#27;[0m&amp#27;[31mthe user is on the login page&amp#27;[0m                                 &amp#27;[90m# steps.LoginSteps.theUserIsOnTheLoginPage()&amp#27;[0m
      &amp#27;[31mjava.lang.Exception: Cannot detect type of the Driver. Platform value: null
	at lib.Platform.getDriver(Platform.java:35)
	at steps.LoginSteps.theUserIsOnTheLoginPage(LoginSteps.java:20)
	at ✽.the user is on the login page(classpath:features/login.feature:10)
&amp#27;[0m
  &amp#27;[36mWhen &amp#27;[0m&amp#27;[36mthe user clicks on the login button&amp#27;[0m                            &amp#27;[90m# steps.LoginSteps.theUserClicksOnTheLoginButton()&amp#27;[0m
  &amp#27;[36mAnd &amp#27;[0m&amp#27;[36mleaves email and password empty&amp#27;[0m                                 &amp#27;[90m# steps.LoginSteps.leavesEmailAndPasswordEmpty()&amp#27;[0m
  &amp#27;[36mThen &amp#27;[0m&amp#27;[36mthe error message &amp#27;[0m&amp#27;[36m&amp#27;[1m"The value should not be blank"&amp#27;[0m&amp#27;[36m is displayed&amp#27;[0m &amp#27;[90m# steps.LoginSteps.theErrorMessageIsDisplayed(java.lang.String)&amp#27;[0m
]]></system-out>
  </testcase>
  <testcase name="Validation for invalid email" classname="runners.LoginTestRunner" time="0.002">
    <error message="Cannot detect type of the Driver. Platform value: null" type="java.lang.Exception">java.lang.Exception: Cannot detect type of the Driver. Platform value: null
</error>
    <system-out><![CDATA[
Scenario: Validation for invalid email                             &amp#27;[90m# features/login.feature:15&amp#27;[0m
  &amp#27;[31mGiven &amp#27;[0m&amp#27;[31mthe user is on the login page&amp#27;[0m                              &amp#27;[90m# steps.LoginSteps.theUserIsOnTheLoginPage()&amp#27;[0m
      &amp#27;[31mjava.lang.Exception: Cannot detect type of the Driver. Platform value: null
	at lib.Platform.getDriver(Platform.java:35)
	at steps.LoginSteps.theUserIsOnTheLoginPage(LoginSteps.java:20)
	at ✽.the user is on the login page(classpath:features/login.feature:16)
&amp#27;[0m
  &amp#27;[36mWhen &amp#27;[0m&amp#27;[36mthe user enters an invalid email&amp#27;[0m                            &amp#27;[90m# steps.LoginSteps.theUserEntersAnInvalidEmail()&amp#27;[0m
  &amp#27;[36mThen &amp#27;[0m&amp#27;[36mthe error message &amp#27;[0m&amp#27;[36m&amp#27;[1m"Email address is not valid"&amp#27;[0m&amp#27;[36m is displayed&amp#27;[0m &amp#27;[90m# steps.LoginSteps.theErrorMessageIsDisplayed(java.lang.String)&amp#27;[0m
]]></system-out>
  </testcase>
  <testcase name="Invalid credentials alert" classname="runners.LoginTestRunner" time="0.003">
    <error message="Cannot detect type of the Driver. Platform value: null" type="java.lang.Exception">java.lang.Exception: Cannot detect type of the Driver. Platform value: null
</error>
    <system-out><![CDATA[
Scenario: Invalid credentials alert                                            &amp#27;[90m# features/login.feature:20&amp#27;[0m
  &amp#27;[31mGiven &amp#27;[0m&amp#27;[31mthe user is on the login page&amp#27;[0m                                          &amp#27;[90m# steps.LoginSteps.theUserIsOnTheLoginPage()&amp#27;[0m
      &amp#27;[31mjava.lang.Exception: Cannot detect type of the Driver. Platform value: null
	at lib.Platform.getDriver(Platform.java:35)
	at steps.LoginSteps.theUserIsOnTheLoginPage(LoginSteps.java:20)
	at ✽.the user is on the login page(classpath:features/login.feature:21)
&amp#27;[0m
  &amp#27;[36mWhen &amp#27;[0m&amp#27;[36mthe user enters invalid email and password&amp#27;[0m                              &amp#27;[90m# steps.LoginSteps.theUserEntersInvalidEmailAndPassword()&amp#27;[0m
  &amp#27;[36mAnd &amp#27;[0m&amp#27;[36mclicks on the continue button&amp#27;[0m                                            &amp#27;[90m# steps.LoginSteps.clicksOnTheContinueButton()&amp#27;[0m
  &amp#27;[36mThen &amp#27;[0m&amp#27;[36mthe alert &amp#27;[0m&amp#27;[36m&amp#27;[1m"The email or password you entered is incorrect"&amp#27;[0m&amp#27;[36m is displayed&amp#27;[0m &amp#27;[90m# steps.LoginSteps.theAlertIsDisplayed(java.lang.String)&amp#27;[0m
  &amp#27;[36mAnd &amp#27;[0m&amp#27;[36mthe user closes the alert&amp#27;[0m                                                &amp#27;[90m# steps.LoginSteps.theUserClosesTheAlert()&amp#27;[0m
]]></system-out>
  </testcase>
</testsuite>